[20-Mar-2025 23:50:05 Europe/Berlin] PHP Warning:  Undefined array key "csrf_token" in C:\xampp\htdocs\maharlika\admin\student.php on line 350
[20-Mar-2025 23:50:12 Europe/Berlin] PHP Warning:  Undefined array key "csrf_token" in C:\xampp\htdocs\maharlika\admin\student.php on line 350
[20-Mar-2025 23:51:54 Europe/Berlin] PHP Warning:  Undefined array key "csrf_token" in C:\xampp\htdocs\maharlika\admin\student.php on line 350
[20-Mar-2025 23:53:48 Europe/Berlin] PHP Warning:  Undefined array key "csrf_token" in C:\xampp\htdocs\maharlika\admin\student.php on line 350
[20-Mar-2025 23:53:48 Europe/Berlin] PHP Warning:  Undefined array key "csrf_token" in C:\xampp\htdocs\maharlika\admin\student.php on line 350
[20-Mar-2025 23:55:13 Europe/Berlin] PHP Warning:  Undefined array key "csrf_token" in C:\xampp\htdocs\maharlika\admin\student.php on line 350
[20-Mar-2025 23:56:19 Europe/Berlin] PHP Warning:  Undefined array key "csrf_token" in C:\xampp\htdocs\maharlika\admin\student.php on line 350
[21-Mar-2025 00:01:25 Europe/Berlin] PHP Warning:  Undefined array key "csrf_token" in C:\xampp\htdocs\maharlika\admin\student.php on line 350
[21-Mar-2025 00:02:05 Europe/Berlin] Password changed for user ID: 36, Email: sasuke@gmail.com
[21-Mar-2025 00:02:05 Europe/Berlin] New hashed password: $2y$10$cG34/kxW9NxKZ1aek45gUOcDitqPP0bgjADMGOdWPAOb0Ume061fK
[21-Mar-2025 00:02:08 Europe/Berlin] PHP Warning:  Undefined array key "csrf_token" in C:\xampp\htdocs\maharlika\admin\student.php on line 350
[21-Mar-2025 00:04:42 Europe/Berlin] PHP Warning:  Undefined array key "csrf_token" in C:\xampp\htdocs\maharlika\admin\student.php on line 350
[21-Mar-2025 00:05:00 Europe/Berlin] Password changed for user ID: 36, Email: sasuke@gmail.com
[21-Mar-2025 00:05:00 Europe/Berlin] New hashed password: $2y$10$6gvdvJ6yqVDE0p7On3d2P.xZOea.6/O2zeDzpQP9hgXm.gY5a5kcq
[21-Mar-2025 00:05:03 Europe/Berlin] PHP Warning:  Undefined array key "csrf_token" in C:\xampp\htdocs\maharlika\admin\student.php on line 350
[21-Mar-2025 00:05:23 Europe/Berlin] PHP Warning:  Undefined array key "csrf_token" in C:\xampp\htdocs\maharlika\admin\student.php on line 350
[21-Mar-2025 00:05:38 Europe/Berlin] Password changed for user ID: 36, Email: sasuke@gmail.com
[21-Mar-2025 00:05:38 Europe/Berlin] New hashed password: $2y$10$vKnWz4P7w5bLLAXSvP5N7OCWKjsNNxXmKWfJzBHUg6g.eAr1GD2G.
[21-Mar-2025 00:05:41 Europe/Berlin] PHP Warning:  Undefined array key "csrf_token" in C:\xampp\htdocs\maharlika\admin\student.php on line 350
[21-Mar-2025 00:06:10 Europe/Berlin] Password changed for user ID: 37, Email: mitch@gmail.com
[21-Mar-2025 00:06:10 Europe/Berlin] New hashed password: $2y$10$hXV4Fbbxc.HWeMWzGUuRBOJCP2GsnPCAidnQO7tW98tBwCR6y1vbq
[21-Mar-2025 00:06:12 Europe/Berlin] PHP Warning:  Undefined array key "csrf_token" in C:\xampp\htdocs\maharlika\admin\student.php on line 350
[21-Mar-2025 03:47:53 Europe/Berlin] PHP Warning:  Undefined array key "csrf_token" in C:\xampp\htdocs\maharlika\admin\student.php on line 350
[21-Mar-2025 03:54:30 Europe/Berlin] PHP Warning:  Undefined array key "csrf_token" in C:\xampp\htdocs\maharlika\admin\student.php on line 350
[21-Mar-2025 04:12:19 Europe/Berlin] PHP Warning:  Undefined array key "csrf_token" in C:\xampp\htdocs\maharlika\admin\student.php on line 350
